yarn run v1.22.0
$ react-scripts start
[34mℹ[39m [90m｢wds｣[39m: Project is running at http://10.18.2.153/
[34mℹ[39m [90m｢wds｣[39m: webpack output is served from 
[34mℹ[39m [90m｢wds｣[39m: Content not from webpack is served from /srv/app/spa/public
[34mℹ[39m [90m｢wds｣[39m: 404s will fallback to /
Starting the development server...

Compiled successfully!

You can now view spa in the browser.

  Local:            http://localhost:3000
  On Your Network:  http://10.18.2.153:3000

Note that the development build is not optimized.
To create a production build, use yarn build.

yarn run v1.22.0
$ react-scripts start
Something is already running on port 3000.
Done in 5.13s.
Compiling...
Compiled successfully!
Compiling...
Compiled successfully!
